[2021-08-18 10:41:24,054][INFO][main][][c.p.c.CheckDemoApplication]- Starting CheckDemoApplication using Java 16 on litianyideMacBook-Pro.local with PID 1050 (/Users/litianyi/IdeaProjects/CheckDemo/target/classes started by litianyi in /Users/litianyi/IdeaProjects/CheckDemo) -
[2021-08-18 10:41:24,066][INFO][main][][c.p.c.CheckDemoApplication]- No active profile set, falling back to default profiles: default -
[2021-08-18 10:41:25,725][INFO][main][][o.s.b.w.e.t.TomcatWebServer]- Tomcat initialized with port(s): 8080 (http) -
[2021-08-18 10:41:25,749][INFO][main][][o.a.c.h.Http11NioProtocol]- Initializing ProtocolHandler ["http-nio-8080"] -
[2021-08-18 10:41:25,750][INFO][main][][o.a.c.c.StandardService]- Starting service [Tomcat] -
[2021-08-18 10:41:25,751][INFO][main][][o.a.c.c.StandardEngine]- Starting Servlet engine: [Apache Tomcat/9.0.50] -
[2021-08-18 10:41:25,839][INFO][main][][o.a.c.c.C.[.[.[/]]- Initializing Spring embedded WebApplicationContext -
[2021-08-18 10:41:25,840][INFO][main][][o.s.b.w.s.c.ServletWebServerApplicationContext]- Root WebApplicationContext: initialization completed in 1664 ms -
[2021-08-18 10:41:26,126][INFO][main][][c.z.h.HikariDataSource]- HikariPool-1 - Starting... -
[2021-08-18 10:41:26,367][INFO][main][][c.z.h.HikariDataSource]- HikariPool-1 - Start completed. -
[2021-08-18 10:41:27,114][INFO][main][][o.s.b.a.w.s.WelcomePageHandlerMapping]- Adding welcome page: class path resource [static/index.html] -
[2021-08-18 10:41:27,313][INFO][main][][o.a.c.h.Http11NioProtocol]- Starting ProtocolHandler ["http-nio-8080"] -
[2021-08-18 10:41:27,345][INFO][main][][o.s.b.w.e.t.TomcatWebServer]- Tomcat started on port(s): 8080 (http) with context path '' -
[2021-08-18 10:41:27,362][INFO][main][][c.p.c.CheckDemoApplication]- Started CheckDemoApplication in 3.974 seconds (JVM running for 6.917) -
[2021-08-18 10:41:27,827][INFO][http-nio-8080-exec-1][][o.a.c.c.C.[.[.[/]]- Initializing Spring DispatcherServlet 'dispatcherServlet' -
[2021-08-18 10:41:27,827][INFO][http-nio-8080-exec-1][][o.s.w.s.DispatcherServlet]- Initializing Servlet 'dispatcherServlet' -
[2021-08-18 10:41:27,828][INFO][http-nio-8080-exec-1][][o.s.w.s.DispatcherServlet]- Completed initialization in 1 ms -
[2021-08-18 10:50:19,823][WARN][http-nio-8080-exec-5][][o.m.s.m.ClassPathMapperScanner]- No MyBatis mapper was found in '[com.poshing.checkdemo.dao]' package. Please check your configuration. -
[2021-08-18 10:50:30,233][WARN][http-nio-8080-exec-3][][o.m.s.m.ClassPathMapperScanner]- No MyBatis mapper was found in '[com.poshing.checkdemo.dao]' package. Please check your configuration. -
[2021-08-18 10:54:50,958][WARN][HikariPool-1 housekeeper][][c.z.h.p.HikariPool]- HikariPool-1 - Thread starvation or clock leap detected (housekeeper delta=54s449ms). -
[2021-08-18 10:55:10,050][INFO][SpringApplicationShutdownHook][][c.z.h.HikariDataSource]- HikariPool-1 - Shutdown initiated... -
[2021-08-18 10:55:10,057][INFO][SpringApplicationShutdownHook][][c.z.h.HikariDataSource]- HikariPool-1 - Shutdown completed. -
[2021-08-18 11:10:39,397][INFO][main][][c.p.c.CheckDemoApplication]- Starting CheckDemoApplication using Java 16 on litianyideMacBook-Pro.local with PID 1347 (/Users/litianyi/IdeaProjects/CheckDemo/target/classes started by litianyi in /Users/litianyi/IdeaProjects/CheckDemo) -
[2021-08-18 11:10:39,408][INFO][main][][c.p.c.CheckDemoApplication]- No active profile set, falling back to default profiles: default -
[2021-08-18 11:10:41,002][INFO][main][][o.s.b.w.e.t.TomcatWebServer]- Tomcat initialized with port(s): 8080 (http) -
[2021-08-18 11:10:41,019][INFO][main][][o.a.c.h.Http11NioProtocol]- Initializing ProtocolHandler ["http-nio-8080"] -
[2021-08-18 11:10:41,020][INFO][main][][o.a.c.c.StandardService]- Starting service [Tomcat] -
[2021-08-18 11:10:41,020][INFO][main][][o.a.c.c.StandardEngine]- Starting Servlet engine: [Apache Tomcat/9.0.50] -
[2021-08-18 11:10:41,108][INFO][main][][o.a.c.c.C.[.[.[/]]- Initializing Spring embedded WebApplicationContext -
[2021-08-18 11:10:41,108][INFO][main][][o.s.b.w.s.c.ServletWebServerApplicationContext]- Root WebApplicationContext: initialization completed in 1607 ms -
[2021-08-18 11:10:41,398][INFO][main][][c.z.h.HikariDataSource]- HikariPool-1 - Starting... -
[2021-08-18 11:10:41,586][INFO][main][][c.z.h.HikariDataSource]- HikariPool-1 - Start completed. -
[2021-08-18 11:10:42,300][INFO][main][][o.s.b.a.w.s.WelcomePageHandlerMapping]- Adding welcome page: class path resource [static/index.html] -
[2021-08-18 11:10:42,531][INFO][main][][o.a.c.h.Http11NioProtocol]- Starting ProtocolHandler ["http-nio-8080"] -
[2021-08-18 11:10:42,555][INFO][main][][o.s.b.w.e.t.TomcatWebServer]- Tomcat started on port(s): 8080 (http) with context path '' -
[2021-08-18 11:10:42,565][INFO][main][][c.p.c.CheckDemoApplication]- Started CheckDemoApplication in 3.751 seconds (JVM running for 6.439) -
[2021-08-18 11:11:22,023][INFO][http-nio-8080-exec-1][][o.a.c.c.C.[.[.[/]]- Initializing Spring DispatcherServlet 'dispatcherServlet' -
[2021-08-18 11:11:22,023][INFO][http-nio-8080-exec-1][][o.s.w.s.DispatcherServlet]- Initializing Servlet 'dispatcherServlet' -
[2021-08-18 11:11:22,025][INFO][http-nio-8080-exec-1][][o.s.w.s.DispatcherServlet]- Completed initialization in 1 ms -
[2021-08-18 12:20:00,709][WARN][HikariPool-1 housekeeper][][c.z.h.p.HikariPool]- HikariPool-1 - Thread starvation or clock leap detected (housekeeper delta=3m18s614ms). -
[2021-08-18 12:47:14,517][WARN][HikariPool-1 housekeeper][][c.z.h.p.HikariPool]- HikariPool-1 - Thread starvation or clock leap detected (housekeeper delta=26m43s793ms). -
[2021-08-18 13:00:25,138][WARN][HikariPool-1 housekeeper][][c.z.h.p.HikariPool]- HikariPool-1 - Thread starvation or clock leap detected (housekeeper delta=12m40s611ms). -
[2021-08-18 13:29:59,269][WARN][http-nio-8080-exec-2][][o.m.s.m.ClassPathMapperScanner]- No MyBatis mapper was found in '[com.poshing.checkdemo.dao]' package. Please check your configuration. -
[2021-08-18 13:30:47,702][WARN][http-nio-8080-exec-1][][o.m.s.m.ClassPathMapperScanner]- No MyBatis mapper was found in '[com.poshing.checkdemo.dao]' package. Please check your configuration. -
[2021-08-18 13:30:55,040][WARN][HikariPool-1 housekeeper][][c.z.h.p.HikariPool]- HikariPool-1 - Retrograde clock change detected (housekeeper delta=29s825ms), soft-evicting connections from pool. -
[2021-08-18 14:32:44,600][INFO][main][][c.p.c.CheckDemoApplication]- Starting CheckDemoApplication using Java 16 on litianyideMacBook-Pro.local with PID 2323 (/Users/litianyi/IdeaProjects/CheckDemo/target/classes started by litianyi in /Users/litianyi/IdeaProjects/CheckDemo) -
[2021-08-18 14:32:44,615][INFO][main][][c.p.c.CheckDemoApplication]- No active profile set, falling back to default profiles: default -
[2021-08-18 14:32:46,337][INFO][main][][o.s.b.w.e.t.TomcatWebServer]- Tomcat initialized with port(s): 8080 (http) -
[2021-08-18 14:32:46,355][INFO][main][][o.a.c.h.Http11NioProtocol]- Initializing ProtocolHandler ["http-nio-8080"] -
[2021-08-18 14:32:46,355][INFO][main][][o.a.c.c.StandardService]- Starting service [Tomcat] -
[2021-08-18 14:32:46,356][INFO][main][][o.a.c.c.StandardEngine]- Starting Servlet engine: [Apache Tomcat/9.0.50] -
[2021-08-18 14:32:46,446][INFO][main][][o.a.c.c.C.[.[.[/]]- Initializing Spring embedded WebApplicationContext -
[2021-08-18 14:32:46,446][INFO][main][][o.s.b.w.s.c.ServletWebServerApplicationContext]- Root WebApplicationContext: initialization completed in 1760 ms -
[2021-08-18 14:32:46,716][INFO][main][][c.z.h.HikariDataSource]- HikariPool-1 - Starting... -
[2021-08-18 14:32:46,935][INFO][main][][c.z.h.HikariDataSource]- HikariPool-1 - Start completed. -
[2021-08-18 14:32:47,693][INFO][main][][o.s.b.a.w.s.WelcomePageHandlerMapping]- Adding welcome page: class path resource [static/index.html] -
[2021-08-18 14:32:47,895][INFO][main][][o.a.c.h.Http11NioProtocol]- Starting ProtocolHandler ["http-nio-8080"] -
[2021-08-18 14:32:47,927][INFO][main][][o.s.b.w.e.t.TomcatWebServer]- Tomcat started on port(s): 8080 (http) with context path '' -
[2021-08-18 14:32:47,938][INFO][main][][c.p.c.CheckDemoApplication]- Started CheckDemoApplication in 3.915 seconds (JVM running for 7.483) -
[2021-08-18 14:32:51,320][INFO][http-nio-8080-exec-1][][o.a.c.c.C.[.[.[/]]- Initializing Spring DispatcherServlet 'dispatcherServlet' -
[2021-08-18 14:32:51,320][INFO][http-nio-8080-exec-1][][o.s.w.s.DispatcherServlet]- Initializing Servlet 'dispatcherServlet' -
[2021-08-18 14:32:51,321][INFO][http-nio-8080-exec-1][][o.s.w.s.DispatcherServlet]- Completed initialization in 1 ms -
[2021-08-18 15:18:33,338][WARN][HikariPool-1 housekeeper][][c.z.h.p.HikariPool]- HikariPool-1 - Thread starvation or clock leap detected (housekeeper delta=1m15s948ms). -
[2021-08-18 15:33:45,201][WARN][HikariPool-1 housekeeper][][c.z.h.p.HikariPool]- HikariPool-1 - Thread starvation or clock leap detected (housekeeper delta=9m11s844ms). -
[2021-08-18 15:34:36,444][INFO][main][][o.s.b.t.c.SpringBootTestContextBootstrapper]- Neither @ContextConfiguration nor @ContextHierarchy found for test class [com.poshing.checkdemo.CheckDemoApplicationTests], using SpringBootContextLoader -
[2021-08-18 15:34:36,452][INFO][main][][o.s.t.c.s.AbstractContextLoader]- Could not detect default resource locations for test class [com.poshing.checkdemo.CheckDemoApplicationTests]: no resource found for suffixes {-context.xml, Context.groovy}. -
[2021-08-18 15:34:36,453][INFO][main][][o.s.t.c.s.AnnotationConfigContextLoaderUtils]- Could not detect default configuration classes for test class [com.poshing.checkdemo.CheckDemoApplicationTests]: CheckDemoApplicationTests does not declare any static, non-private, non-final, nested classes annotated with @Configuration. -
[2021-08-18 15:34:36,555][INFO][main][][o.s.b.t.c.SpringBootTestContextBootstrapper]- Found @SpringBootConfiguration com.poshing.checkdemo.CheckDemoApplication for test class com.poshing.checkdemo.CheckDemoApplicationTests -
[2021-08-18 15:34:36,662][INFO][main][][o.s.b.t.c.SpringBootTestContextBootstrapper]- Loaded default TestExecutionListener class names from location [META-INF/spring.factories]: [org.springframework.boot.test.mock.mockito.MockitoTestExecutionListener, org.springframework.boot.test.mock.mockito.ResetMocksTestExecutionListener, org.springframework.boot.test.autoconfigure.restdocs.RestDocsTestExecutionListener, org.springframework.boot.test.autoconfigure.web.client.MockRestServiceServerResetTestExecutionListener, org.springframework.boot.test.autoconfigure.web.servlet.MockMvcPrintOnlyOnFailureTestExecutionListener, org.springframework.boot.test.autoconfigure.web.servlet.WebDriverTestExecutionListener, org.springframework.boot.test.autoconfigure.webservices.client.MockWebServiceServerTestExecutionListener, org.springframework.test.context.web.ServletTestExecutionListener, org.springframework.test.context.support.DirtiesContextBeforeModesTestExecutionListener, org.springframework.test.context.event.ApplicationEventsTestExecutionListener, org.springframework.test.context.support.DependencyInjectionTestExecutionListener, org.springframework.test.context.support.DirtiesContextTestExecutionListener, org.springframework.test.context.transaction.TransactionalTestExecutionListener, org.springframework.test.context.jdbc.SqlScriptsTestExecutionListener, org.springframework.test.context.event.EventPublishingTestExecutionListener] -
[2021-08-18 15:34:36,678][INFO][main][][o.s.b.t.c.SpringBootTestContextBootstrapper]- Using TestExecutionListeners: [org.springframework.test.context.web.ServletTestExecutionListener@127e70c5, org.springframework.test.context.support.DirtiesContextBeforeModesTestExecutionListener@5910de75, org.springframework.test.context.event.ApplicationEventsTestExecutionListener@4108fa66, org.springframework.boot.test.mock.mockito.MockitoTestExecutionListener@1f130eaf, org.springframework.boot.test.autoconfigure.SpringBootDependencyInjectionTestExecutionListener@7e0aadd0, org.springframework.test.context.support.DirtiesContextTestExecutionListener@21362712, org.springframework.test.context.transaction.TransactionalTestExecutionListener@27eb3298, org.springframework.test.context.jdbc.SqlScriptsTestExecutionListener@200a26bc, org.springframework.test.context.event.EventPublishingTestExecutionListener@bc57b40, org.springframework.boot.test.mock.mockito.ResetMocksTestExecutionListener@1b5bc39d, org.springframework.boot.test.autoconfigure.restdocs.RestDocsTestExecutionListener@655a5d9c, org.springframework.boot.test.autoconfigure.web.client.MockRestServiceServerResetTestExecutionListener@1494b84d, org.springframework.boot.test.autoconfigure.web.servlet.MockMvcPrintOnlyOnFailureTestExecutionListener@34abdee4, org.springframework.boot.test.autoconfigure.web.servlet.WebDriverTestExecutionListener@71a9b4c7, org.springframework.boot.test.autoconfigure.webservices.client.MockWebServiceServerTestExecutionListener@4628b1d3] -
[2021-08-18 15:34:37,002][INFO][main][][c.p.c.CheckDemoApplicationTests]- Starting CheckDemoApplicationTests using Java 16 on litianyideMacBook-Pro.local with PID 2757 (started by litianyi in /Users/litianyi/IdeaProjects/CheckDemo) -
[2021-08-18 15:34:37,005][INFO][main][][c.p.c.CheckDemoApplicationTests]- No active profile set, falling back to default profiles: default -
[2021-08-18 15:34:38,096][INFO][main][][c.z.h.HikariDataSource]- HikariPool-1 - Starting... -
[2021-08-18 15:34:38,478][INFO][main][][c.z.h.HikariDataSource]- HikariPool-1 - Start completed. -
[2021-08-18 15:34:39,302][INFO][main][][o.s.b.a.w.s.WelcomePageHandlerMapping]- Adding welcome page: class path resource [static/index.html] -
[2021-08-18 15:34:39,526][INFO][main][][c.p.c.CheckDemoApplicationTests]- Started CheckDemoApplicationTests in 2.806 seconds (JVM running for 4.109) -
[2021-08-18 15:34:39,935][INFO][SpringApplicationShutdownHook][][c.z.h.HikariDataSource]- HikariPool-1 - Shutdown initiated... -
[2021-08-18 15:34:39,944][INFO][SpringApplicationShutdownHook][][c.z.h.HikariDataSource]- HikariPool-1 - Shutdown completed. -
[2021-08-18 15:34:44,100][WARN][http-nio-8080-exec-7][][o.m.s.m.ClassPathMapperScanner]- No MyBatis mapper was found in '[com.poshing.checkdemo.dao]' package. Please check your configuration. -
